SF:lib\features\movies\data\datasources\movie_local_data_source.dart
DA:21,1
DA:23,1
DA:26,2
DA:29,2
DA:33,1
DA:36,2
DA:39,2
DA:43,1
DA:45,2
DA:47,1
DA:53,1
DA:55,2
DA:56,4
DA:59,1
DA:61,2
DA:62,2
DA:65,1
DA:67,2
DA:68,1
DA:69,4
DA:71,1
DA:75,1
DA:77,2
DA:78,2
DA:81,1
DA:83,2
DA:84,1
DA:85,4
DA:87,1
DA:91,1
DA:93,2
DA:94,2
DA:97,1
DA:99,2
DA:100,1
DA:101,4
DA:103,1
LF:37
LH:37
end_of_record
SF:lib\features\movies\data\models\movie_table.dart
DA:12,16
DA:19,2
DA:20,1
DA:21,1
DA:22,1
DA:23,1
DA:26,2
DA:27,1
DA:28,1
DA:29,1
DA:30,1
DA:33,2
DA:34,1
DA:35,1
DA:36,1
DA:37,1
DA:39,0
DA:40,0
DA:41,0
DA:42,0
DA:43,0
DA:46,2
DA:47,1
DA:48,1
DA:49,1
DA:50,1
DA:53,2
DA:54,10
LF:28
LH:23
end_of_record
SF:lib\features\movies\domain\entities\movie.dart
DA:5,3
DA:21,1
DA:42,2
DA:43,2
DA:44,2
DA:45,2
DA:46,2
DA:47,2
DA:48,2
DA:49,2
DA:50,2
DA:51,2
DA:52,2
DA:53,2
DA:54,2
DA:55,2
DA:56,2
LF:17
LH:17
end_of_record
SF:lib\features\movies\domain\entities\movie_detail.dart
DA:6,13
DA:34,1
DA:35,1
DA:36,1
DA:37,1
DA:38,1
DA:39,1
DA:40,1
DA:41,1
DA:42,1
DA:43,1
DA:44,1
DA:45,1
DA:46,1
LF:14
LH:14
end_of_record
SF:lib\features\series\data\models\series_table.dart
DA:12,16
DA:19,2
DA:20,1
DA:21,1
DA:22,1
DA:23,1
DA:26,2
DA:27,1
DA:28,1
DA:29,1
DA:30,1
DA:33,2
DA:34,1
DA:35,1
DA:36,1
DA:37,1
DA:39,0
DA:40,0
DA:41,0
DA:42,0
DA:43,0
DA:46,2
DA:47,1
DA:48,1
DA:49,1
DA:50,1
DA:53,2
DA:54,10
LF:28
LH:23
end_of_record
SF:lib\features\series\domain\entities\genre.dart
DA:4,14
DA:12,2
DA:13,6
LF:3
LH:3
end_of_record
SF:lib\features\series\domain\entities\series.dart
DA:20,1
DA:26,3
DA:41,2
DA:42,2
DA:43,2
DA:44,2
DA:45,2
DA:46,2
DA:47,2
DA:48,2
DA:49,2
DA:50,2
DA:51,2
DA:52,2
DA:53,2
DA:54,2
DA:55,2
LF:17
LH:17
end_of_record
SF:lib\features\series\domain\entities\series_detail.dart
DA:29,4
DA:50,1
DA:51,1
DA:52,1
DA:53,1
DA:54,1
DA:55,1
DA:56,1
DA:57,1
DA:58,1
DA:59,1
DA:60,1
DA:61,1
DA:62,1
DA:63,1
DA:64,1
DA:65,1
DA:66,1
DA:67,1
DA:68,1
DA:69,1
DA:70,1
LF:22
LH:22
end_of_record
SF:lib\features\movies\data\datasources\movie_remote_data_source.dart
DA:23,1
DA:25,1
DA:28,4
DA:29,2
DA:30,4
DA:32,1
DA:36,1
DA:39,4
DA:40,2
DA:41,3
DA:43,1
DA:47,1
DA:49,1
DA:50,3
DA:51,2
DA:52,4
DA:54,1
DA:58,1
DA:61,4
DA:63,2
DA:64,4
DA:66,1
DA:70,1
DA:73,4
DA:75,2
DA:76,4
DA:78,1
DA:82,1
DA:84,1
DA:85,3
DA:87,2
DA:88,4
DA:90,1
LF:33
LH:33
end_of_record
SF:lib\features\movies\data\models\movie_detail_model.dart
DA:7,2
DA:53,1
DA:54,1
DA:55,1
DA:56,1
DA:57,1
DA:58,1
DA:59,4
DA:60,1
DA:61,1
DA:62,1
DA:63,1
DA:64,1
DA:65,1
DA:66,2
DA:67,1
DA:68,1
DA:69,1
DA:70,1
DA:71,1
DA:72,1
DA:73,1
DA:74,1
DA:75,2
DA:76,1
DA:79,0
DA:80,0
DA:81,0
DA:82,0
DA:83,0
DA:84,0
DA:85,0
DA:86,0
DA:87,0
DA:88,0
DA:89,0
DA:90,0
DA:91,0
DA:92,0
DA:93,0
DA:94,0
DA:95,0
DA:96,0
DA:97,0
DA:98,0
DA:99,0
DA:100,0
DA:103,1
DA:104,1
DA:105,1
DA:106,1
DA:107,5
DA:108,1
DA:109,1
DA:110,1
DA:111,1
DA:112,1
DA:113,1
DA:114,1
DA:115,1
DA:116,1
DA:120,1
DA:121,1
DA:122,1
DA:123,1
DA:124,1
DA:125,1
DA:126,1
DA:127,1
DA:128,1
DA:129,1
DA:130,1
DA:131,1
DA:132,1
DA:133,1
DA:134,1
DA:135,1
DA:136,1
DA:137,1
DA:138,1
DA:139,1
DA:140,1
DA:141,1
DA:142,1
LF:84
LH:62
end_of_record
SF:lib\features\movies\data\models\movie_model.dart
DA:6,5
DA:36,4
DA:37,2
DA:38,2
DA:39,8
DA:40,2
DA:41,2
DA:42,2
DA:43,4
DA:44,2
DA:45,2
DA:46,2
DA:47,2
DA:48,4
DA:49,2
DA:52,2
DA:53,1
DA:54,1
DA:55,4
DA:56,1
DA:57,1
DA:58,1
DA:59,1
DA:60,1
DA:61,1
DA:62,1
DA:63,1
DA:64,1
DA:65,1
DA:68,2
DA:69,2
DA:70,2
DA:71,2
DA:72,2
DA:73,2
DA:74,2
DA:75,2
DA:76,2
DA:77,2
DA:78,2
DA:79,2
DA:80,2
DA:81,2
DA:82,2
DA:86,3
DA:87,3
DA:88,3
DA:89,3
DA:90,3
DA:91,3
DA:92,3
DA:93,3
DA:94,3
DA:95,3
DA:96,3
DA:97,3
DA:98,3
DA:99,3
DA:100,3
LF:59
LH:59
end_of_record
SF:lib\features\series\data\datasources\db\database_helper.dart
DA:8,0
DA:12,0
DA:16,0
DA:17,0
DA:26,0
DA:27,0
DA:28,0
DA:29,0
DA:33,0
DA:34,0
DA:41,0
DA:42,0
DA:49,0
DA:50,0
DA:58,0
DA:59,0
DA:67,0
DA:70,0
DA:72,0
DA:73,0
DA:74,0
DA:75,0
DA:76,0
DA:77,0
DA:83,0
DA:85,0
DA:86,0
DA:87,0
DA:88,0
DA:89,0
DA:90,0
DA:96,0
DA:97,0
DA:98,0
DA:101,0
DA:107,0
DA:108,0
DA:109,0
DA:112,0
DA:118,0
DA:119,0
DA:120,0
DA:123,0
DA:127,0
DA:128,0
DA:129,0
DA:132,0
DA:136,0
DA:137,0
DA:138,0
DA:141,0
DA:142,0
DA:143,0
DA:146,0
DA:147,0
DA:148,0
DA:151,0
DA:155,0
DA:156,0
DA:157,0
DA:160,0
DA:164,0
DA:165,0
DA:166,0
DA:169,0
DA:172,0
DA:173,0
DA:179,0
DA:180,0
DA:181,0
DA:184,0
DA:187,0
DA:188,0
DA:194,0
DA:195,0
DA:197,0
DA:202,0
DA:203,0
DA:205,0
LF:79
LH:0
end_of_record
SF:lib\features\series\data\datasources\series_local_data_source.dart
DA:22,1
DA:24,1
DA:27,2
DA:30,2
DA:34,1
DA:37,2
DA:40,2
DA:44,1
DA:46,2
DA:48,1
DA:54,1
DA:56,2
DA:57,4
DA:60,1
DA:62,2
DA:63,2
DA:66,1
DA:68,2
DA:69,1
DA:70,4
DA:72,1
DA:76,1
DA:78,2
DA:79,2
DA:82,1
DA:84,2
DA:85,1
DA:86,4
DA:88,1
DA:92,1
DA:94,2
DA:95,2
DA:98,1
DA:100,2
DA:101,1
DA:102,4
DA:104,1
LF:37
LH:37
end_of_record
SF:lib\features\series\data\datasources\series_remote_data_source.dart
DA:26,1
DA:28,1
DA:31,4
DA:32,2
DA:33,4
DA:35,1
DA:39,1
DA:42,4
DA:43,2
DA:44,4
DA:46,1
DA:50,1
DA:53,4
DA:54,2
DA:55,4
DA:57,1
DA:61,1
DA:63,4
DA:64,2
DA:65,3
DA:67,1
DA:71,1
DA:73,1
DA:74,3
DA:75,2
DA:76,4
DA:78,1
DA:82,1
DA:85,1
DA:86,3
DA:87,2
DA:88,3
DA:89,4
DA:91,1
DA:95,1
DA:97,1
DA:98,3
DA:99,2
DA:100,4
DA:102,1
LF:40
LH:40
end_of_record
SF:lib\features\series\data\models\season_detail_model.dart
DA:19,2
DA:31,1
DA:32,1
DA:33,1
DA:34,1
DA:35,1
DA:36,1
DA:37,1
DA:38,1
DA:39,1
DA:40,1
DA:41,1
DA:42,1
DA:45,0
DA:46,0
DA:47,0
DA:48,0
DA:49,0
DA:50,0
DA:51,0
DA:52,0
DA:53,0
DA:54,0
DA:55,0
DA:58,1
DA:59,1
DA:60,1
DA:61,1
DA:62,1
DA:63,1
DA:64,1
DA:65,1
DA:66,1
DA:67,1
DA:68,1
DA:69,1
DA:72,1
DA:73,1
DA:74,1
DA:75,1
DA:76,1
DA:77,1
DA:78,1
DA:79,1
DA:80,1
DA:81,1
DA:82,1
DA:83,1
LF:48
LH:37
end_of_record
SF:lib\features\series\data\models\series_detail_response.dart
DA:30,2
DA:51,1
DA:52,1
DA:53,1
DA:54,2
DA:55,1
DA:56,1
DA:57,4
DA:58,1
DA:59,1
DA:60,2
DA:61,1
DA:62,1
DA:63,1
DA:64,2
DA:66,1
DA:67,1
DA:68,1
DA:69,1
DA:70,1
DA:71,1
DA:72,1
DA:73,4
DA:74,1
DA:75,1
DA:78,0
DA:79,0
DA:80,0
DA:81,0
DA:82,0
DA:83,0
DA:84,0
DA:85,0
DA:86,0
DA:87,0
DA:88,0
DA:89,0
DA:90,0
DA:91,0
DA:92,0
DA:93,0
DA:94,0
DA:95,0
DA:96,0
DA:97,0
DA:100,1
DA:101,1
DA:102,1
DA:103,1
DA:104,1
DA:105,5
DA:106,1
DA:107,1
DA:108,1
DA:109,1
DA:110,1
DA:111,1
DA:112,1
DA:113,1
DA:114,1
DA:115,1
DA:116,1
DA:117,1
DA:118,1
DA:119,1
DA:120,1
DA:123,1
DA:124,1
DA:125,1
DA:126,1
DA:127,1
DA:128,1
DA:129,1
DA:130,1
DA:131,1
DA:132,1
DA:133,1
DA:134,1
DA:135,1
DA:136,1
DA:137,1
DA:138,1
DA:139,1
DA:140,1
DA:141,1
DA:142,1
DA:143,1
LF:87
LH:67
end_of_record
SF:lib\features\series\data\models\series_model.dart
DA:19,5
DA:34,4
DA:35,2
DA:36,2
DA:37,2
DA:38,2
DA:39,2
DA:40,2
DA:41,2
DA:42,4
DA:43,8
DA:44,2
DA:45,2
DA:46,2
DA:47,2
DA:50,2
DA:51,1
DA:52,1
DA:53,1
DA:54,1
DA:55,1
DA:56,1
DA:57,1
DA:58,1
DA:59,4
DA:60,1
DA:61,1
DA:62,1
DA:63,1
DA:66,2
DA:67,2
DA:68,2
DA:69,2
DA:70,2
DA:71,2
DA:72,2
DA:73,2
DA:74,2
DA:75,2
DA:76,2
DA:77,2
DA:78,2
DA:79,2
DA:80,2
DA:83,2
DA:84,2
DA:85,2
DA:86,2
DA:87,2
DA:88,2
DA:89,2
DA:90,2
DA:91,2
DA:92,2
DA:93,2
DA:94,2
DA:95,2
DA:96,2
DA:97,2
LF:59
LH:59
end_of_record
SF:lib\features\series\domain\entities\season_detail.dart
DA:16,1
DA:28,1
DA:29,1
DA:30,1
DA:31,1
DA:32,1
DA:33,1
DA:34,1
DA:35,1
DA:36,1
DA:37,1
DA:38,1
DA:39,1
LF:13
LH:13
end_of_record
SF:lib\utils\network_info.dart
DA:10,0
DA:12,0
DA:13,0
LF:3
LH:0
end_of_record
SF:lib\styles\text_styles.dart
DA:4,0
DA:5,0
DA:6,0
DA:8,0
DA:10,0
DA:13,0
DA:14,0
DA:15,0
DA:16,0
DA:17,0
LF:10
LH:0
end_of_record
SF:lib\utils\constants.dart
DA:12,0
DA:13,0
LF:2
LH:0
end_of_record
SF:lib\utils\exception.dart
DA:6,4
DA:12,4
LF:2
LH:2
end_of_record
SF:lib\utils\failure.dart
DA:8,2
DA:10,2
DA:11,4
DA:15,4
DA:19,4
DA:23,4
DA:27,4
LF:7
LH:7
end_of_record
SF:lib\features\movies\data\models\movie_response.dart
DA:8,3
DA:10,4
DA:11,4
DA:12,6
DA:13,6
DA:16,2
DA:17,5
DA:20,1
DA:21,2
LF:9
LH:9
end_of_record
SF:lib\features\series\data\models\genre_model.dart
DA:6,4
DA:14,4
DA:15,2
DA:16,2
DA:19,0
DA:20,0
DA:21,0
DA:24,2
DA:25,6
DA:28,2
DA:29,6
LF:11
LH:8
end_of_record
SF:lib\features\series\data\models\series_response.dart
DA:7,3
DA:9,4
DA:10,4
DA:11,6
DA:12,6
DA:14,1
DA:15,6
DA:17,1
DA:18,2
LF:9
LH:9
end_of_record
SF:lib\features\series\data\models\next_episode_model.dart
DA:18,2
DA:30,1
DA:31,1
DA:32,1
DA:33,1
DA:34,1
DA:35,1
DA:36,1
DA:37,1
DA:38,1
DA:39,1
DA:40,1
DA:41,1
DA:44,0
DA:45,0
DA:46,0
DA:47,0
DA:48,0
DA:49,0
DA:50,0
DA:51,0
DA:52,0
DA:53,0
DA:54,0
DA:57,1
DA:58,1
DA:59,1
DA:60,1
DA:61,1
DA:62,1
DA:63,1
DA:64,1
DA:65,1
DA:66,1
DA:67,1
DA:68,1
DA:71,1
DA:72,1
DA:73,1
DA:74,1
DA:75,1
DA:76,1
DA:77,1
DA:78,1
DA:79,1
DA:80,1
DA:81,1
DA:82,1
LF:48
LH:37
end_of_record
SF:lib\features\series\domain\entities\next_episode.dart
DA:16,1
DA:28,1
DA:29,1
DA:30,1
DA:31,1
DA:32,1
DA:33,1
DA:34,1
DA:35,1
DA:36,1
DA:37,1
DA:38,1
DA:39,1
LF:13
LH:13
end_of_record
SF:lib\features\series\data\models\season_model.dart
DA:15,2
DA:24,2
DA:25,1
DA:26,1
DA:27,1
DA:28,1
DA:29,1
DA:30,1
DA:31,1
DA:34,1
DA:35,1
DA:36,1
DA:37,1
DA:38,1
DA:39,1
DA:40,1
DA:41,1
DA:42,1
DA:45,0
DA:46,0
DA:47,0
DA:48,0
DA:49,0
DA:50,0
DA:51,0
DA:52,0
DA:55,1
DA:57,8
LF:28
LH:20
end_of_record
SF:lib\features\series\domain\entities\season.dart
DA:13,1
DA:22,1
DA:24,8
LF:3
LH:3
end_of_record
SF:lib\features\series\data\repositories\series_repository_impl.dart
DA:17,1
DA:22,1
DA:24,2
DA:26,2
DA:27,2
DA:28,4
DA:29,5
DA:30,1
DA:31,2
DA:35,2
DA:36,5
DA:37,1
DA:38,3
DA:43,1
DA:45,2
DA:47,2
DA:48,2
DA:49,4
DA:50,5
DA:51,1
DA:52,2
DA:56,2
DA:57,5
DA:58,1
DA:59,3
DA:64,1
DA:67,2
DA:68,2
DA:69,1
DA:70,2
DA:71,1
DA:72,2
DA:76,1
DA:78,2
DA:80,2
DA:81,1
DA:82,5
DA:83,5
DA:84,1
DA:85,2
DA:89,2
DA:90,5
DA:91,1
DA:92,3
DA:97,1
DA:100,2
DA:101,5
DA:102,1
DA:103,2
DA:104,1
DA:105,2
DA:109,1
DA:113,2
DA:114,5
DA:115,1
DA:116,2
DA:117,1
DA:118,2
DA:122,1
DA:125,2
DA:126,5
DA:127,0
DA:128,0
DA:132,1
DA:134,2
DA:138,1
DA:142,1
DA:143,2
DA:144,1
DA:145,1
DA:146,3
DA:150,1
DA:154,1
DA:155,2
DA:156,1
DA:157,1
DA:158,3
DA:164,1
DA:167,2
DA:168,3
DA:169,1
DA:170,2
DA:171,1
DA:172,2
LF:84
LH:82
end_of_record
SF:lib\features\movies\data\repositories\movie_repository_impl.dart
DA:20,1
DA:25,1
DA:27,2
DA:29,2
DA:30,2
DA:31,4
DA:32,5
DA:33,1
DA:34,2
DA:38,2
DA:39,5
DA:40,1
DA:41,3
DA:46,1
DA:49,2
DA:50,2
DA:51,1
DA:52,2
DA:53,1
DA:54,2
DA:58,1
DA:61,2
DA:62,3
DA:63,1
DA:64,2
DA:65,1
DA:66,2
DA:70,1
DA:72,2
DA:74,2
DA:75,2
DA:76,4
DA:77,5
DA:78,1
DA:79,2
DA:83,2
DA:84,5
DA:85,1
DA:86,3
DA:91,1
DA:93,2
DA:95,2
DA:96,2
DA:97,4
DA:98,2
DA:99,5
DA:100,1
DA:101,2
DA:105,2
DA:106,5
DA:107,1
DA:108,3
DA:113,1
DA:116,2
DA:117,5
DA:118,1
DA:119,2
DA:120,1
DA:121,2
DA:125,1
DA:129,3
DA:130,1
DA:131,1
DA:132,3
DA:138,1
DA:142,3
DA:143,1
DA:144,1
DA:145,3
DA:149,1
DA:151,2
DA:155,1
DA:158,2
DA:159,5
DA:160,0
DA:161,0
LF:76
LH:74
end_of_record
SF:lib\features\movies\domain\usecases\get_movie_detail.dart
DA:9,1
DA:11,1
DA:12,2
LF:3
LH:3
end_of_record
SF:lib\features\movies\domain\usecases\get_movie_recommendations.dart
DA:9,1
DA:11,1
DA:12,2
LF:3
LH:3
end_of_record
SF:lib\features\movies\domain\usecases\get_now_playing_movies.dart
DA:10,1
DA:12,1
DA:13,2
LF:3
LH:3
end_of_record
SF:lib\features\series\domain\usecases\get_now_playing_series.dart
DA:9,1
DA:11,1
DA:12,2
LF:3
LH:3
end_of_record
SF:lib\features\movies\domain\usecases\get_popular_movies.dart
DA:9,1
DA:11,1
DA:12,2
LF:3
LH:3
end_of_record
SF:lib\features\series\domain\usecases\get_popular_series.dart
DA:9,1
DA:11,1
DA:12,2
LF:3
LH:3
end_of_record
SF:lib\features\series\domain\usecases\get_series_detail.dart
DA:9,1
DA:11,1
DA:12,2
LF:3
LH:3
end_of_record
SF:lib\features\series\domain\usecases\get_series_recommendations.dart
DA:9,1
DA:11,1
DA:12,2
LF:3
LH:3
end_of_record
SF:lib\features\series\domain\usecases\get_series_season.dart
DA:9,1
DA:11,1
DA:13,2
LF:3
LH:3
end_of_record
SF:lib\features\movies\domain\usecases\get_top_rated_movies.dart
DA:9,1
DA:11,1
DA:12,2
LF:3
LH:3
end_of_record
SF:lib\features\series\domain\usecases\get_top_rated_series.dart
DA:9,1
DA:11,1
DA:12,2
LF:3
LH:3
end_of_record
SF:lib\features\movies\domain\usecases\get_watchlist_movies.dart
DA:10,1
DA:12,1
DA:13,2
LF:3
LH:3
end_of_record
SF:lib\features\series\domain\usecases\get_watchlist_series_status.dart
DA:6,1
DA:8,1
DA:9,2
LF:3
LH:3
end_of_record
SF:lib\features\series\domain\usecases\get_watchlist_series.dart
DA:9,1
DA:11,1
DA:12,2
LF:3
LH:3
end_of_record
SF:lib\features\movies\domain\usecases\get_watchlist_status.dart
DA:6,1
DA:8,1
DA:9,2
LF:3
LH:3
end_of_record
SF:lib\features\series\domain\usecases\remove_watchlist_series.dart
DA:9,1
DA:11,1
DA:12,2
LF:3
LH:3
end_of_record
SF:lib\features\movies\domain\usecases\remove_watchlist.dart
DA:10,1
DA:12,1
DA:13,2
LF:3
LH:3
end_of_record
SF:lib\features\series\domain\usecases\save_watchlist_series.dart
DA:9,1
DA:11,1
DA:12,2
LF:3
LH:3
end_of_record
SF:lib\features\movies\domain\usecases\save_watchlist.dart
DA:10,1
DA:12,1
DA:13,2
LF:3
LH:3
end_of_record
