SF:lib\presentation\bloc\detail\detail_series_event.dart
DA:6,1
DA:8,0
DA:9,0
DA:15,1
DA:17,0
DA:18,0
LF:6
LH:2
end_of_record
SF:lib\presentation\bloc\detail\detail_series_state.dart
DA:4,2
DA:5,1
DA:6,1
DA:16,1
DA:18,1
DA:19,2
DA:25,2
DA:27,1
DA:28,2
LF:9
LH:9
end_of_record
SF:lib\presentation\bloc\detail\detail_series_bloc.dart
DA:11,3
DA:12,2
DA:13,2
DA:14,1
DA:15,2
DA:17,5
DA:18,3
LF:7
LH:7
end_of_record
SF:lib\presentation\bloc\now_playing\now_playing_series_bloc.dart
DA:12,1
DA:13,2
DA:14,2
DA:15,2
DA:16,2
DA:18,1
DA:19,4
DA:20,3
DA:21,0
DA:22,1
LF:10
LH:9
end_of_record
SF:lib\presentation\bloc\now_playing\now_playing_series_state.dart
DA:4,4
DA:6,1
DA:7,1
DA:17,3
DA:19,1
DA:20,2
DA:26,2
DA:28,1
DA:29,2
LF:9
LH:9
end_of_record
SF:lib\presentation\bloc\now_playing\now_playing_series_event.dart
DA:4,4
DA:6,0
DA:7,0
DA:11,4
DA:13,0
DA:14,0
LF:6
LH:2
end_of_record
SF:lib\presentation\bloc\popular\popular_series_bloc.dart
DA:12,3
DA:13,2
DA:14,2
DA:15,2
DA:17,1
DA:18,4
DA:19,1
DA:20,3
LF:8
LH:8
end_of_record
SF:lib\presentation\bloc\popular\popular_series_event.dart
DA:4,2
DA:6,0
DA:7,0
DA:11,2
DA:13,0
DA:14,0
LF:6
LH:2
end_of_record
SF:lib\presentation\bloc\popular\popular_series_state.dart
DA:4,4
DA:6,1
DA:7,1
DA:17,2
DA:19,1
DA:20,2
DA:26,3
DA:28,1
DA:29,2
LF:9
LH:9
end_of_record
SF:lib\presentation\bloc\recommendation\recommendation_series_bloc.dart
DA:13,1
DA:14,2
DA:15,1
DA:16,1
DA:17,3
DA:18,2
DA:19,2
DA:20,1
DA:21,4
DA:22,3
DA:23,0
DA:24,1
LF:12
LH:11
end_of_record
SF:lib\presentation\bloc\recommendation\recommendation_series_event.dart
DA:6,1
DA:8,0
DA:9,0
DA:15,1
DA:17,0
DA:18,0
LF:6
LH:2
end_of_record
SF:lib\presentation\bloc\recommendation\recommendation_series_state.dart
DA:4,2
DA:5,1
DA:6,1
DA:16,1
DA:18,1
DA:19,2
DA:25,2
DA:27,1
DA:28,2
LF:9
LH:9
end_of_record
SF:lib\presentation\bloc\season\season_series_event.dart
DA:4,1
DA:6,0
DA:7,0
DA:13,1
DA:15,0
DA:16,0
LF:6
LH:2
end_of_record
SF:lib\presentation\bloc\season\season_series_state.dart
DA:4,2
DA:6,1
DA:7,1
DA:17,1
DA:19,1
DA:20,2
DA:26,2
DA:28,1
DA:29,2
LF:9
LH:9
end_of_record
SF:lib\presentation\bloc\season\season_series_bloc.dart
DA:12,3
DA:13,2
DA:14,2
DA:16,4
DA:18,1
DA:19,4
DA:20,1
DA:21,3
LF:8
LH:8
end_of_record
SF:lib\presentation\bloc\top_rated\top_rated_series_bloc.dart
DA:13,3
DA:14,1
DA:15,1
DA:16,2
DA:17,2
DA:18,1
DA:19,4
DA:20,2
DA:21,2
LF:9
LH:9
end_of_record
SF:lib\presentation\bloc\top_rated\top_rated_series_state.dart
DA:4,4
DA:5,1
DA:6,1
DA:16,2
DA:18,1
DA:19,2
DA:25,3
DA:27,1
DA:28,2
LF:9
LH:9
end_of_record
SF:lib\presentation\bloc\top_rated\top_rated_series_event.dart
DA:4,2
DA:6,0
DA:7,0
DA:11,2
DA:13,0
DA:14,0
LF:6
LH:2
end_of_record
SF:lib\presentation\bloc\watchlist\watchlist_series_state.dart
DA:4,2
DA:5,1
DA:6,1
DA:16,1
DA:18,1
DA:19,2
DA:25,2
DA:27,1
DA:28,2
DA:34,2
DA:36,1
DA:37,2
DA:43,2
DA:45,1
DA:46,2
LF:15
LH:15
end_of_record
SF:lib\presentation\bloc\watchlist\watchlist_series_event.dart
DA:4,2
DA:6,0
DA:7,0
DA:11,1
DA:13,0
DA:14,0
DA:19,1
DA:21,0
DA:22,0
DA:27,1
DA:29,0
DA:30,0
DA:35,1
DA:37,0
DA:38,0
LF:15
LH:5
end_of_record
SF:lib\presentation\bloc\watchlist\watchlist_series_bloc.dart
DA:20,1
DA:22,2
DA:23,1
DA:24,1
DA:25,2
DA:26,2
DA:27,1
DA:28,4
DA:29,3
DA:30,0
DA:31,1
DA:34,1
DA:35,1
DA:36,2
DA:37,3
DA:38,5
DA:39,3
DA:42,1
DA:43,1
DA:44,2
DA:45,3
DA:46,5
DA:47,3
DA:50,1
DA:51,1
DA:52,3
DA:53,2
LF:27
LH:26
end_of_record
SF:lib\presentation\pages\now_playing_series_page.dart
DA:11,1
DA:13,1
DA:14,1
DA:18,1
DA:20,1
DA:21,3
DA:22,1
DA:23,1
DA:26,1
DA:28,1
DA:29,1
DA:32,1
DA:34,1
DA:35,1
DA:36,1
DA:40,1
DA:41,1
DA:42,0
DA:43,0
DA:44,0
DA:46,2
DA:48,1
DA:49,0
DA:50,1
DA:51,1
DA:53,2
DA:56,0
LF:27
LH:22
end_of_record
SF:lib\presentation\widgets\series_card_list.dart
DA:10,0
DA:12,0
DA:14,0
DA:16,0
DA:17,0
DA:18,0
DA:21,0
DA:24,0
DA:26,0
DA:27,0
DA:28,0
DA:34,0
DA:36,0
DA:37,0
DA:38,0
DA:41,0
DA:44,0
DA:45,0
DA:46,0
DA:47,0
DA:55,0
DA:60,0
DA:62,0
DA:63,0
DA:65,0
DA:68,0
LF:26
LH:0
end_of_record
SF:lib\presentation\pages\season_detail_page.dart
DA:13,0
DA:16,0
DA:17,0
DA:21,0
DA:23,0
DA:24,0
DA:25,0
DA:26,0
DA:29,0
DA:31,0
DA:32,0
DA:33,0
DA:35,0
DA:37,0
DA:38,0
DA:39,0
DA:43,0
DA:44,0
DA:45,0
DA:46,0
DA:47,0
DA:49,0
DA:51,0
DA:52,0
DA:53,0
DA:54,0
DA:56,0
DA:59,0
LF:28
LH:0
end_of_record
SF:lib\presentation\widgets\season_card_list.dart
DA:9,0
DA:11,0
DA:13,0
DA:15,0
DA:17,0
DA:18,0
DA:19,0
DA:25,0
DA:27,0
DA:28,0
DA:29,0
DA:32,0
DA:35,0
DA:36,0
DA:37,0
DA:38,0
DA:46,0
DA:51,0
DA:53,0
DA:54,0
DA:55,0
DA:56,0
DA:58,0
DA:61,0
LF:24
LH:0
end_of_record
SF:lib\presentation\pages\series_detail_page.dart
DA:21,0
DA:23,0
DA:24,0
DA:28,0
DA:30,0
DA:31,0
DA:32,0
DA:33,0
DA:34,0
DA:35,0
DA:36,0
DA:40,0
DA:42,0
DA:43,0
DA:44,0
DA:48,0
DA:49,0
DA:50,0
DA:51,0
DA:55,0
DA:56,0
DA:57,0
DA:58,0
DA:63,0
DA:64,0
DA:66,0
DA:67,0
DA:69,0
DA:73,0
DA:85,0
DA:87,0
DA:89,0
DA:90,0
DA:91,0
DA:92,0
DA:93,0
DA:95,0
DA:98,0
DA:100,0
DA:102,0
DA:103,0
DA:104,0
DA:114,0
DA:115,0
DA:116,0
DA:118,0
DA:120,0
DA:122,0
DA:123,0
DA:124,0
DA:125,0
DA:127,0
DA:128,0
DA:129,0
DA:130,0
DA:131,0
DA:133,0
DA:134,0
DA:137,0
DA:138,0
DA:142,0
DA:143,0
DA:146,0
DA:147,0
DA:150,0
DA:151,0
DA:152,0
DA:156,0
DA:160,0
DA:161,0
DA:163,0
DA:164,0
DA:165,0
DA:167,0
DA:169,0
DA:170,0
DA:171,0
DA:176,0
DA:178,0
DA:179,0
DA:187,0
DA:188,0
DA:193,0
DA:196,0
DA:199,0
DA:204,0
DA:207,0
DA:208,0
DA:209,0
DA:217,0
DA:218,0
DA:220,0
DA:221,0
DA:222,0
DA:223,0
DA:225,0
DA:231,0
DA:235,0
DA:237,0
DA:239,0
DA:240,0
DA:241,0
DA:242,0
DA:245,0
DA:247,0
DA:249,0
DA:251,0
DA:253,0
DA:254,0
DA:256,0
DA:257,0
DA:258,0
DA:261,0
DA:262,0
DA:263,0
DA:264,0
DA:268,0
DA:270,0
DA:271,0
DA:274,0
DA:279,0
DA:281,0
DA:282,0
DA:285,0
DA:286,0
DA:292,0
DA:297,0
DA:299,0
DA:300,0
DA:301,0
DA:313,0
DA:316,0
DA:318,0
DA:320,0
DA:322,0
DA:323,0
DA:327,0
DA:328,0
DA:329,0
DA:330,0
DA:332,0
DA:334,0
DA:335,0
DA:336,0
DA:338,0
DA:339,0
DA:340,0
DA:343,0
DA:346,0
DA:351,0
DA:353,0
DA:354,0
DA:360,0
DA:367,0
DA:370,0
DA:371,0
DA:373,0
DA:381,0
DA:383,0
DA:396,0
DA:398,0
DA:401,0
DA:403,0
DA:404,0
DA:413,0
DA:415,0
DA:416,0
DA:419,0
DA:423,0
DA:426,0
DA:427,0
DA:428,0
DA:429,0
LF:173
LH:0
end_of_record
SF:lib\presentation\pages\popular_series_page.dart
DA:11,1
DA:13,1
DA:14,1
DA:18,1
DA:20,1
DA:21,2
DA:22,3
DA:25,1
DA:27,1
DA:28,1
DA:31,1
DA:33,1
DA:34,1
DA:35,1
DA:39,1
DA:40,1
DA:41,0
DA:42,0
DA:43,0
DA:45,2
DA:47,1
DA:48,0
DA:49,1
DA:50,1
DA:52,2
DA:55,0
LF:26
LH:21
end_of_record
SF:lib\presentation\pages\top_rated_series_page.dart
DA:11,1
DA:13,1
DA:14,1
DA:18,1
DA:20,1
DA:21,2
DA:22,3
DA:25,1
DA:27,1
DA:28,1
DA:31,1
DA:33,1
DA:34,1
DA:35,1
DA:39,1
DA:40,1
DA:41,0
DA:42,0
DA:43,0
DA:45,2
DA:47,1
DA:48,0
DA:49,1
DA:50,1
DA:52,2
DA:55,0
LF:26
LH:21
end_of_record
