SF:lib\presentation\bloc\detail\detail_movie_state.dart
DA:4,2
DA:5,1
DA:6,1
DA:16,2
DA:18,1
DA:19,2
DA:25,2
DA:27,1
DA:28,2
LF:9
LH:9
end_of_record
SF:lib\presentation\bloc\detail\detail_movie_event.dart
DA:6,1
DA:8,0
DA:9,0
DA:15,1
DA:17,0
DA:18,0
LF:6
LH:2
end_of_record
SF:lib\presentation\bloc\detail\detail_movie_bloc.dart
DA:11,3
DA:12,2
DA:13,2
DA:14,1
DA:15,2
DA:17,5
DA:18,3
LF:7
LH:7
end_of_record
SF:lib\presentation\bloc\now_playing\now_playing_movie_event.dart
DA:4,1
DA:6,0
DA:7,0
DA:11,1
DA:13,0
DA:14,0
LF:6
LH:2
end_of_record
SF:lib\presentation\bloc\now_playing\now_playing_movie_state.dart
DA:4,2
DA:6,1
DA:7,1
DA:17,2
DA:19,1
DA:20,2
DA:26,1
DA:28,1
DA:29,2
LF:9
LH:9
end_of_record
SF:lib\presentation\bloc\now_playing\now_playing_movie_bloc.dart
DA:12,1
DA:13,2
DA:14,2
DA:15,2
DA:16,2
DA:18,5
DA:19,3
LF:7
LH:7
end_of_record
SF:lib\presentation\bloc\popular\popular_movie_state.dart
DA:4,4
DA:6,1
DA:7,1
DA:17,2
DA:19,1
DA:20,2
DA:26,3
DA:28,1
DA:29,2
LF:9
LH:9
end_of_record
SF:lib\presentation\bloc\popular\popular_movie_bloc.dart
DA:12,3
DA:13,2
DA:14,2
DA:15,2
DA:17,1
DA:18,4
DA:19,1
DA:20,3
LF:8
LH:8
end_of_record
SF:lib\presentation\bloc\popular\popular_movie_event.dart
DA:4,3
DA:6,0
DA:7,0
DA:11,3
DA:13,0
DA:14,0
LF:6
LH:2
end_of_record
SF:lib\presentation\bloc\recommendation\recommendation_movie_event.dart
DA:6,1
DA:8,0
DA:9,0
DA:15,1
DA:17,0
DA:18,0
LF:6
LH:2
end_of_record
SF:lib\presentation\bloc\recommendation\recommendation_movie_state.dart
DA:4,2
DA:5,1
DA:6,1
DA:16,1
DA:18,1
DA:19,2
DA:25,2
DA:27,1
DA:28,2
LF:9
LH:9
end_of_record
SF:lib\presentation\bloc\recommendation\recommendation_movie_bloc.dart
DA:13,1
DA:14,2
DA:15,1
DA:16,1
DA:17,3
DA:18,2
DA:19,2
DA:20,5
DA:21,3
LF:9
LH:9
end_of_record
SF:lib\presentation\bloc\top_rated\top_rated_movie_state.dart
DA:4,4
DA:5,1
DA:6,1
DA:16,2
DA:18,1
DA:19,2
DA:25,3
DA:27,1
DA:28,2
LF:9
LH:9
end_of_record
SF:lib\presentation\bloc\top_rated\top_rated_movie_bloc.dart
DA:12,3
DA:13,1
DA:14,1
DA:15,2
DA:16,2
DA:17,5
DA:18,3
LF:7
LH:7
end_of_record
SF:lib\presentation\bloc\top_rated\top_rated_movie_event.dart
DA:4,2
DA:6,0
DA:7,0
DA:11,2
DA:13,0
DA:14,0
LF:6
LH:2
end_of_record
SF:lib\presentation\bloc\watchlist\watchlist_movie_event.dart
DA:4,1
DA:6,0
DA:7,0
DA:11,1
DA:13,0
DA:14,0
DA:19,1
DA:21,0
DA:22,0
DA:27,1
DA:29,0
DA:30,0
DA:35,1
DA:37,0
DA:38,0
LF:15
LH:5
end_of_record
SF:lib\presentation\bloc\watchlist\watchlist_movie_state.dart
DA:4,2
DA:5,1
DA:6,1
DA:16,1
DA:18,1
DA:19,2
DA:25,2
DA:27,1
DA:28,2
DA:34,2
DA:36,1
DA:37,2
DA:43,2
DA:45,1
DA:46,2
LF:15
LH:15
end_of_record
SF:lib\presentation\bloc\watchlist\watchlist_movie_bloc.dart
DA:20,1
DA:22,2
DA:23,1
DA:24,1
DA:25,2
DA:26,2
DA:27,1
DA:28,4
DA:29,2
DA:30,2
DA:33,1
DA:34,1
DA:35,2
DA:36,3
DA:37,5
DA:38,3
DA:41,1
DA:42,1
DA:43,2
DA:44,3
DA:45,5
DA:46,3
DA:49,1
DA:50,1
DA:51,3
DA:52,2
LF:26
LH:26
end_of_record
SF:lib\presentation\pages\popular_movies_page.dart
DA:12,1
DA:14,1
DA:15,1
DA:19,1
DA:21,1
DA:22,2
DA:23,3
DA:27,1
DA:29,1
DA:30,1
DA:33,1
DA:35,1
DA:36,1
DA:37,1
DA:41,1
DA:42,1
DA:43,0
DA:44,0
DA:45,0
DA:47,2
DA:49,1
DA:50,0
DA:51,0
DA:52,0
DA:53,0
DA:59,1
DA:60,1
DA:62,2
DA:65,0
LF:29
LH:21
end_of_record
SF:lib\presentation\pages\movie_detail_page.dart
DA:18,0
DA:20,0
DA:22,0
DA:26,0
DA:28,0
DA:29,0
DA:30,0
DA:31,0
DA:32,0
DA:33,0
DA:34,0
DA:38,0
DA:40,0
DA:41,0
DA:42,0
DA:46,0
DA:47,0
DA:48,0
DA:52,0
DA:53,0
DA:54,0
DA:55,0
DA:60,0
DA:61,0
DA:62,0
DA:64,0
DA:65,0
DA:67,0
DA:71,0
DA:73,0
DA:76,0
DA:86,0
DA:88,0
DA:89,0
DA:93,0
DA:95,0
DA:96,0
DA:97,0
DA:98,0
DA:99,0
DA:101,0
DA:104,0
DA:106,0
DA:108,0
DA:109,0
DA:110,0
DA:120,0
DA:121,0
DA:122,0
DA:124,0
DA:126,0
DA:128,0
DA:129,0
DA:130,0
DA:131,0
DA:133,0
DA:134,0
DA:135,0
DA:137,0
DA:138,0
DA:141,0
DA:142,0
DA:146,0
DA:147,0
DA:150,0
DA:153,0
DA:154,0
DA:155,0
DA:159,0
DA:163,0
DA:164,0
DA:165,0
DA:166,0
DA:168,0
DA:170,0
DA:171,0
DA:172,0
DA:177,0
DA:179,0
DA:180,0
DA:187,0
DA:188,0
DA:190,0
DA:191,0
DA:193,0
DA:194,0
DA:195,0
DA:196,0
DA:198,0
DA:204,0
DA:208,0
DA:210,0
DA:212,0
DA:213,0
DA:216,0
DA:218,0
DA:220,0
DA:222,0
DA:223,0
DA:227,0
DA:228,0
DA:229,0
DA:230,0
DA:232,0
DA:234,0
DA:235,0
DA:236,0
DA:238,0
DA:239,0
DA:240,0
DA:243,0
DA:246,0
DA:251,0
DA:253,0
DA:254,0
DA:260,0
DA:267,0
DA:270,0
DA:271,0
DA:273,0
DA:280,0
DA:282,0
DA:295,0
DA:297,0
DA:300,0
DA:302,0
DA:303,0
DA:312,0
DA:314,0
DA:315,0
DA:318,0
DA:322,0
DA:325,0
DA:326,0
DA:327,0
DA:329,0
DA:330,0
DA:332,0
LF:138
LH:0
end_of_record
SF:lib\presentation\widgets\movie_card_list.dart
DA:10,0
DA:12,0
DA:14,0
DA:16,0
DA:17,0
DA:18,0
DA:21,0
DA:24,0
DA:26,0
DA:27,0
DA:28,0
DA:34,0
DA:36,0
DA:37,0
DA:38,0
DA:41,0
DA:44,0
DA:45,0
DA:53,0
DA:58,0
DA:60,0
DA:61,0
DA:63,0
DA:66,0
LF:24
LH:0
end_of_record
SF:lib\presentation\pages\top_rated_movies_page.dart
DA:12,1
DA:14,1
DA:15,1
DA:19,1
DA:21,1
DA:22,2
DA:23,3
DA:27,1
DA:29,1
DA:30,1
DA:33,1
DA:35,1
DA:36,1
DA:37,1
DA:41,1
DA:42,1
DA:43,0
DA:44,0
DA:45,0
DA:47,2
DA:49,1
DA:50,0
DA:51,0
DA:52,0
DA:53,0
DA:59,1
DA:60,1
DA:62,2
DA:65,0
LF:29
LH:21
end_of_record
