SF:lib\presentation\bloc\detail\detail_movie_state.dart
DA:4,2
DA:5,1
DA:6,1
DA:16,2
DA:18,1
DA:19,2
DA:25,2
DA:27,1
DA:28,2
LF:9
LH:9
end_of_record
SF:lib\presentation\bloc\detail\detail_movie_event.dart
DA:4,1
DA:6,0
DA:7,0
DA:13,1
DA:15,0
DA:16,0
LF:6
LH:2
end_of_record
SF:lib\presentation\bloc\detail\detail_movie_bloc.dart
DA:11,3
DA:12,2
DA:13,2
DA:14,1
DA:15,2
DA:17,5
DA:18,3
LF:7
LH:7
end_of_record
SF:lib\presentation\bloc\now_playing\now_playing_movie_event.dart
DA:4,1
DA:6,0
DA:7,0
DA:11,1
DA:13,0
DA:14,0
LF:6
LH:2
end_of_record
SF:lib\presentation\bloc\now_playing\now_playing_movie_state.dart
DA:4,2
DA:6,1
DA:7,1
DA:17,2
DA:19,1
DA:20,2
DA:26,1
DA:28,1
DA:29,2
LF:9
LH:9
end_of_record
SF:lib\presentation\bloc\now_playing\now_playing_movie_bloc.dart
DA:12,1
DA:13,2
DA:14,2
DA:15,2
DA:16,2
DA:18,5
DA:19,3
LF:7
LH:7
end_of_record
SF:lib\presentation\bloc\recommendation\recommendation_movie_event.dart
DA:4,1
DA:6,0
DA:7,0
DA:13,1
DA:15,0
DA:16,0
LF:6
LH:2
end_of_record
SF:lib\presentation\bloc\recommendation\recommendation_movie_state.dart
DA:4,2
DA:5,1
DA:6,1
DA:16,1
DA:18,1
DA:19,2
DA:25,2
DA:27,1
DA:28,2
LF:9
LH:9
end_of_record
SF:lib\presentation\bloc\recommendation\recommendation_movie_bloc.dart
DA:13,1
DA:14,2
DA:15,1
DA:16,1
DA:17,3
DA:18,2
DA:19,2
DA:20,5
DA:21,3
LF:9
LH:9
end_of_record
SF:lib\presentation\bloc\popular\popular_movie_state.dart
DA:4,2
DA:6,1
DA:7,1
DA:17,1
DA:19,1
DA:20,2
DA:26,2
DA:28,1
DA:29,2
LF:9
LH:9
end_of_record
SF:lib\presentation\bloc\popular\popular_movie_bloc.dart
DA:12,3
DA:13,2
DA:14,2
DA:15,2
DA:17,1
DA:18,4
DA:19,1
DA:20,3
LF:8
LH:8
end_of_record
SF:lib\presentation\bloc\popular\popular_movie_event.dart
DA:4,1
DA:6,0
DA:7,0
DA:11,1
DA:13,0
DA:14,0
LF:6
LH:2
end_of_record
SF:lib\presentation\bloc\top_rated\top_rated_movie_state.dart
DA:4,2
DA:5,1
DA:6,1
DA:16,1
DA:18,1
DA:19,2
DA:25,2
DA:27,1
DA:28,2
LF:9
LH:9
end_of_record
SF:lib\presentation\bloc\top_rated\top_rated_movie_bloc.dart
DA:12,3
DA:13,1
DA:14,1
DA:15,2
DA:16,2
DA:17,5
DA:18,3
LF:7
LH:7
end_of_record
SF:lib\presentation\bloc\top_rated\top_rated_movie_event.dart
DA:4,1
DA:6,0
DA:7,0
DA:11,1
DA:13,0
DA:14,0
LF:6
LH:2
end_of_record
SF:lib\presentation\bloc\watchlist\watchlist_movie_event.dart
DA:4,1
DA:6,0
DA:7,0
DA:11,1
DA:13,0
DA:14,0
DA:19,1
DA:21,0
DA:22,0
DA:27,1
DA:29,0
DA:30,0
DA:35,1
DA:37,0
DA:38,0
LF:15
LH:5
end_of_record
SF:lib\presentation\bloc\watchlist\watchlist_movie_state.dart
DA:4,2
DA:5,1
DA:6,1
DA:16,1
DA:18,1
DA:19,2
DA:25,2
DA:27,1
DA:28,2
DA:34,2
DA:36,1
DA:37,2
DA:43,2
DA:45,1
DA:46,2
LF:15
LH:15
end_of_record
SF:lib\presentation\bloc\watchlist\watchlist_movie_bloc.dart
DA:20,1
DA:22,2
DA:23,1
DA:24,1
DA:25,2
DA:26,2
DA:27,1
DA:28,4
DA:29,2
DA:30,2
DA:33,1
DA:34,1
DA:35,2
DA:36,3
DA:37,5
DA:38,3
DA:41,1
DA:42,1
DA:43,2
DA:44,3
DA:45,5
DA:46,3
DA:49,1
DA:50,1
DA:51,3
DA:52,2
LF:26
LH:26
end_of_record
